{
"./app/js/calculator.js":{"path":"./app/js/calculator.js","s":{"1":1,"2":1,"3":2,"4":2,"5":2,"6":2},"b":{},"f":{"1":1,"2":2,"3":2,"4":2,"5":2},"fnMap":{"1":{"name":"(anonymous_1)","line":2,"loc":{"start":{"line":2,"column":11},"end":{"line":2,"column":22}}},"2":{"name":"(anonymous_2)","line":7,"loc":{"start":{"line":7,"column":13},"end":{"line":7,"column":30}}},"3":{"name":"(anonymous_3)","line":12,"loc":{"start":{"line":12,"column":18},"end":{"line":12,"column":35}}},"4":{"name":"(anonymous_4)","line":17,"loc":{"start":{"line":17,"column":16},"end":{"line":17,"column":33}}},"5":{"name":"(anonymous_5)","line":22,"loc":{"start":{"line":22,"column":18},"end":{"line":22,"column":35}}}},"statementMap":{"1":{"start":{"line":2,"column":0},"end":{"line":27,"column":3}},"2":{"start":{"line":4,"column":4},"end":{"line":25,"column":6}},"3":{"start":{"line":8,"column":3},"end":{"line":8,"column":16}},"4":{"start":{"line":13,"column":3},"end":{"line":13,"column":16}},"5":{"start":{"line":18,"column":3},"end":{"line":18,"column":16}},"6":{"start":{"line":23,"column":3},"end":{"line":23,"column":16}}},"branchMap":{},"l":{"2":1,"4":1,"8":2,"13":2,"18":2,"23":2}},
"./app/js/slugify.js":{"path":"./app/js/slugify.js","s":{"1":1,"2":1,"3":2,"4":2,"5":2,"6":2,"7":2,"8":62,"9":2,"10":2},"b":{},"f":{"1":1,"2":2},"fnMap":{"1":{"name":"(anonymous_1)","line":2,"loc":{"start":{"line":2,"column":11},"end":{"line":2,"column":22}}},"2":{"name":"(anonymous_2)","line":5,"loc":{"start":{"line":5,"column":14},"end":{"line":5,"column":28}}}},"statementMap":{"1":{"start":{"line":2,"column":0},"end":{"line":24,"column":3}},"2":{"start":{"line":4,"column":4},"end":{"line":24,"column":0}},"3":{"start":{"line":6,"column":12},"end":{"line":6,"column":48}},"4":{"start":{"line":7,"column":12},"end":{"line":7,"column":36}},"5":{"start":{"line":10,"column":12},"end":{"line":10,"column":57}},"6":{"start":{"line":11,"column":12},"end":{"line":11,"column":55}},"7":{"start":{"line":12,"column":12},"end":{"line":14,"column":13}},"8":{"start":{"line":13,"column":16},"end":{"line":13,"column":81}},"9":{"start":{"line":16,"column":12},"end":{"line":18,"column":33}},"10":{"start":{"line":20,"column":12},"end":{"line":20,"column":23}}},"branchMap":{},"l":{"2":1,"4":1,"6":2,"7":2,"10":2,"11":2,"12":2,"13":62,"16":2,"20":2}}}
