TN:
SF:./app/js/calculator.js
FN:2,(anonymous_1)
FN:7,(anonymous_2)
FN:12,(anonymous_3)
FN:17,(anonymous_4)
FN:22,(anonymous_5)
FNF:5
FNH:5
FNDA:1,(anonymous_1)
FNDA:2,(anonymous_2)
FNDA:2,(anonymous_3)
FNDA:2,(anonymous_4)
FNDA:2,(anonymous_5)
DA:2,1
DA:4,1
DA:8,2
DA:13,2
DA:18,2
DA:23,2
LF:6
LH:6
BRF:0
BRH:0
end_of_record
TN:
SF:./app/js/slugify.js
FN:2,(anonymous_1)
FN:5,(anonymous_2)
FNF:2
FNH:2
FNDA:1,(anonymous_1)
FNDA:2,(anonymous_2)
DA:2,1
DA:4,1
DA:6,2
DA:7,2
DA:10,2
DA:11,2
DA:12,2
DA:13,62
DA:16,2
DA:20,2
LF:10
LH:10
BRF:0
BRH:0
end_of_record
